<?xml version="1.0" encoding="UTF-8"?>
<!-- Generated by org.testng.reporters.JUnitReportReporter -->
<testsuite hostname="DESKTOP-FCLNE8N" failures="0" tests="2" name="CommandExcn.DocterLogin" time="0.008" errors="0" timestamp="2023-08-18T12:08:36 IST" skipped="0">
  <testcase classname="CommandExcn.DocterLogin" name="DoctorLogin" time="0.007"/>
  <system-out/>
  <testcase classname="CommandExcn.DocterLogin" name="DoctorRigister" time="0.001"/>
  <system-out/>
</testsuite> <!-- CommandExcn.DocterLogin -->
