<?xml version="1.0" encoding="UTF-8"?>
<!-- Generated by org.testng.reporters.JUnitReportReporter -->
<testsuite hostname="DESKTOP-FCLNE8N" failures="0" tests="4" name="CommandExcn.UserRegistration" time="0.011" errors="0" timestamp="2023-08-18T12:08:54 IST" skipped="0">
  <testcase classname="CommandExcn.UserRegistration" name="UserRigister" time="0.001"/>
  <system-out/>
  <testcase classname="CommandExcn.UserRegistration" name="UserLogged" time="0.009"/>
  <system-out/>
  <testcase classname="CommandExcn.UserRegistration" name="UserLogin" time="0.001"/>
  <system-out/>
  <testcase classname="CommandExcn.UserRegistration" name="UserLogout" time="0.000"/>
  <system-out/>
</testsuite> <!-- CommandExcn.UserRegistration -->
