<?xml version="1.0" encoding="UTF-8"?>
<!-- Generated by org.testng.reporters.JUnitReportReporter -->
<testsuite hostname="DESKTOP-FCLNE8N" failures="0" tests="1" name="CommandExcn.gitupconflict" time="0.010" errors="0" timestamp="2023-08-18T12:08:45 IST" skipped="0">
  <testcase classname="CommandExcn.gitupconflict" name="conflict" time="0.010"/>
  <system-out/>
</testsuite> <!-- CommandExcn.gitupconflict -->
